2020-12-09 11:30:55.572  INFO 3868 --- [main] c.g.barbershop.BarbershopApplication     : Starting BarbershopApplication on DESKTOP-2G2USD2 with PID 3868 (F:\ideaOther\target\classes started by secoo in F:\ideaOther)
2020-12-09 11:30:55.583 DEBUG 3868 --- [main] c.g.barbershop.BarbershopApplication     : Running with Spring Boot v2.3.4.RELEASE, Spring v5.2.9.RELEASE
2020-12-09 11:30:55.586  INFO 3868 --- [main] c.g.barbershop.BarbershopApplication     : No active profile set, falling back to default profiles: default
2020-12-09 11:30:56.648  INFO 3868 --- [main] .s.d.r.c.RepositoryConfigurationDelegate : Multiple Spring Data modules found, entering strict repository configuration mode!
2020-12-09 11:30:56.649  INFO 3868 --- [main] .s.d.r.c.RepositoryConfigurationDelegate : Bootstrapping Spring Data MongoDB repositories in DEFAULT mode.
2020-12-09 11:30:56.680  INFO 3868 --- [main] .s.d.r.c.RepositoryConfigurationDelegate : Finished Spring Data repository scanning in 19ms. Found 0 MongoDB repository interfaces.
2020-12-09 11:30:56.693  INFO 3868 --- [main] .s.d.r.c.RepositoryConfigurationDelegate : Multiple Spring Data modules found, entering strict repository configuration mode!
2020-12-09 11:30:56.694  INFO 3868 --- [main] .s.d.r.c.RepositoryConfigurationDelegate : Bootstrapping Spring Data Redis repositories in DEFAULT mode.
2020-12-09 11:30:56.706  INFO 3868 --- [main] .s.d.r.c.RepositoryConfigurationDelegate : Finished Spring Data repository scanning in 3ms. Found 0 Redis repository interfaces.
2020-12-09 11:30:57.072  INFO 3868 --- [main] trationDelegate$BeanPostProcessorChecker : Bean 'org.springframework.security.access.expression.method.DefaultMethodSecurityExpressionHandler@34448e6c' of type [org.springframework.security.access.expression.method.DefaultMethodSecurityExpressionHandler] is not eligible for getting processed by all BeanPostProcessors (for example: not eligible for auto-proxying)
2020-12-09 11:30:57.081  INFO 3868 --- [main] trationDelegate$BeanPostProcessorChecker : Bean 'methodSecurityMetadataSource' of type [org.springframework.security.access.method.DelegatingMethodSecurityMetadataSource] is not eligible for getting processed by all BeanPostProcessors (for example: not eligible for auto-proxying)
2020-12-09 11:30:57.367  INFO 3868 --- [main] o.s.b.w.embedded.tomcat.TomcatWebServer  : Tomcat initialized with port(s): 8801 (http)
2020-12-09 11:30:57.375  INFO 3868 --- [main] o.apache.catalina.core.StandardService   : Starting service [Tomcat]
2020-12-09 11:30:57.375  INFO 3868 --- [main] org.apache.catalina.core.StandardEngine  : Starting Servlet engine: [Apache Tomcat/9.0.38]
2020-12-09 11:30:57.464  INFO 3868 --- [main] o.a.c.c.C.[Tomcat].[localhost].[/]       : Initializing Spring embedded WebApplicationContext
2020-12-09 11:30:57.464  INFO 3868 --- [main] w.s.c.ServletWebServerApplicationContext : Root WebApplicationContext: initialization completed in 1769 ms
2020-12-09 11:30:57.592  INFO 3868 --- [main] org.mongodb.driver.cluster               : Cluster created with settings {hosts=[120.79.240.9:27017], mode=SINGLE, requiredClusterType=UNKNOWN, serverSelectionTimeout='30000 ms'}
2020-12-09 11:30:57.730  INFO 3868 --- [cluster-ClusterId{value='5fd044f114b9fd0217593e62', description='null'}-120.79.240.9:27017] org.mongodb.driver.connection            : Opened connection [connectionId{localValue:1, serverValue:1576}] to 120.79.240.9:27017
2020-12-09 11:30:57.777  INFO 3868 --- [cluster-ClusterId{value='5fd044f114b9fd0217593e62', description='null'}-120.79.240.9:27017] org.mongodb.driver.cluster               : Monitor thread successfully connected to server with description ServerDescription{address=120.79.240.9:27017, type=STANDALONE, state=CONNECTED, ok=true, minWireVersion=0, maxWireVersion=9, maxDocumentSize=16777216, logicalSessionTimeoutMinutes=30, roundTripTimeNanos=45236500}
2020-12-09 11:30:58.342 DEBUG 3868 --- [main] c.g.b.filter.JwtAuthenticationFilter     : Filter 'jwtAuthenticationFilter' configured for use
2020-12-09 11:30:58.585  INFO 3868 --- [main] o.s.s.web.DefaultSecurityFilterChain     : Creating filter chain: any request, [org.springframework.security.web.context.request.async.WebAsyncManagerIntegrationFilter@217bf99e, org.springframework.security.web.context.SecurityContextPersistenceFilter@6ebc9573, org.springframework.security.web.header.HeaderWriterFilter@2f14b0f6, org.springframework.security.web.authentication.logout.LogoutFilter@2c9a6717, com.geyao.barbershop.filter.JwtAuthenticationFilter@6dd1f638, org.springframework.security.web.savedrequest.RequestCacheAwareFilter@630390b9, org.springframework.security.web.servletapi.SecurityContextHolderAwareRequestFilter@479111ba, org.springframework.security.web.authentication.AnonymousAuthenticationFilter@6807a356, org.springframework.security.web.session.SessionManagementFilter@6e03db1f, org.springframework.security.web.access.ExceptionTranslationFilter@712c5463, org.springframework.security.web.access.intercept.FilterSecurityInterceptor@276cc8dc]
2020-12-09 11:30:58.761  INFO 3868 --- [main] o.s.s.concurrent.ThreadPoolTaskExecutor  : Initializing ExecutorService 'applicationTaskExecutor'
2020-12-09 11:30:59.184  INFO 3868 --- [main] o.s.b.w.embedded.tomcat.TomcatWebServer  : Tomcat started on port(s): 8801 (http) with context path ''
2020-12-09 11:30:59.193  INFO 3868 --- [main] c.g.barbershop.BarbershopApplication     : Started BarbershopApplication in 4.305 seconds (JVM running for 5.894)
2020-12-09 11:48:43.597  INFO 9048 --- [main] c.g.b.BarbershopApplicationTests         : Starting BarbershopApplicationTests on DESKTOP-2G2USD2 with PID 9048 (started by secoo in F:\ideaOther)
2020-12-09 11:48:43.600 DEBUG 9048 --- [main] c.g.b.BarbershopApplicationTests         : Running with Spring Boot v2.3.4.RELEASE, Spring v5.2.9.RELEASE
2020-12-09 11:48:43.603  INFO 9048 --- [main] c.g.b.BarbershopApplicationTests         : No active profile set, falling back to default profiles: default
2020-12-09 11:48:44.658  INFO 9048 --- [main] .s.d.r.c.RepositoryConfigurationDelegate : Multiple Spring Data modules found, entering strict repository configuration mode!
2020-12-09 11:48:44.683  INFO 9048 --- [main] .s.d.r.c.RepositoryConfigurationDelegate : Bootstrapping Spring Data MongoDB repositories in DEFAULT mode.
2020-12-09 11:48:44.750  INFO 9048 --- [main] .s.d.r.c.RepositoryConfigurationDelegate : Finished Spring Data repository scanning in 54ms. Found 0 MongoDB repository interfaces.
2020-12-09 11:48:44.791  INFO 9048 --- [main] .s.d.r.c.RepositoryConfigurationDelegate : Multiple Spring Data modules found, entering strict repository configuration mode!
2020-12-09 11:48:44.795  INFO 9048 --- [main] .s.d.r.c.RepositoryConfigurationDelegate : Bootstrapping Spring Data Redis repositories in DEFAULT mode.
2020-12-09 11:48:44.836  INFO 9048 --- [main] .s.d.r.c.RepositoryConfigurationDelegate : Finished Spring Data repository scanning in 14ms. Found 0 Redis repository interfaces.
2020-12-09 11:48:45.734  INFO 9048 --- [main] trationDelegate$BeanPostProcessorChecker : Bean 'org.springframework.security.access.expression.method.DefaultMethodSecurityExpressionHandler@288cdaab' of type [org.springframework.security.access.expression.method.DefaultMethodSecurityExpressionHandler] is not eligible for getting processed by all BeanPostProcessors (for example: not eligible for auto-proxying)
2020-12-09 11:48:45.780  INFO 9048 --- [main] trationDelegate$BeanPostProcessorChecker : Bean 'methodSecurityMetadataSource' of type [org.springframework.security.access.method.DelegatingMethodSecurityMetadataSource] is not eligible for getting processed by all BeanPostProcessors (for example: not eligible for auto-proxying)
2020-12-09 11:48:47.069  INFO 9048 --- [main] org.mongodb.driver.cluster               : Cluster created with settings {hosts=[120.79.240.9:27017], mode=SINGLE, requiredClusterType=UNKNOWN, serverSelectionTimeout='30000 ms'}
2020-12-09 11:48:47.297  INFO 9048 --- [cluster-ClusterId{value='5fd0491fccb23d4a33cfd5ec', description='null'}-120.79.240.9:27017] org.mongodb.driver.connection            : Opened connection [connectionId{localValue:1, serverValue:1577}] to 120.79.240.9:27017
2020-12-09 11:48:47.349  INFO 9048 --- [cluster-ClusterId{value='5fd0491fccb23d4a33cfd5ec', description='null'}-120.79.240.9:27017] org.mongodb.driver.cluster               : Monitor thread successfully connected to server with description ServerDescription{address=120.79.240.9:27017, type=STANDALONE, state=CONNECTED, ok=true, minWireVersion=0, maxWireVersion=9, maxDocumentSize=16777216, logicalSessionTimeoutMinutes=30, roundTripTimeNanos=49074200}
2020-12-09 11:48:48.667  INFO 9048 --- [main] o.s.s.web.DefaultSecurityFilterChain     : Creating filter chain: any request, [org.springframework.security.web.context.request.async.WebAsyncManagerIntegrationFilter@498a612d, org.springframework.security.web.context.SecurityContextPersistenceFilter@29d405e6, org.springframework.security.web.header.HeaderWriterFilter@477021ee, org.springframework.security.web.authentication.logout.LogoutFilter@5696c927, com.geyao.barbershop.filter.JwtAuthenticationFilter@1e1237ab, org.springframework.security.web.savedrequest.RequestCacheAwareFilter@56826a75, org.springframework.security.web.servletapi.SecurityContextHolderAwareRequestFilter@481b2f10, org.springframework.security.web.authentication.AnonymousAuthenticationFilter@4dfdfe7d, org.springframework.security.web.session.SessionManagementFilter@27585351, org.springframework.security.web.access.ExceptionTranslationFilter@5934ca1e, org.springframework.security.web.access.intercept.FilterSecurityInterceptor@6da4feeb]
2020-12-09 11:48:49.614  INFO 9048 --- [main] o.s.s.concurrent.ThreadPoolTaskExecutor  : Initializing ExecutorService 'applicationTaskExecutor'
2020-12-09 11:48:50.313  INFO 9048 --- [main] c.g.b.BarbershopApplicationTests         : Started BarbershopApplicationTests in 7.061 seconds (JVM running for 8.367)
2020-12-09 11:48:50.678  INFO 9048 --- [SpringContextShutdownHook] o.s.s.concurrent.ThreadPoolTaskExecutor  : Shutting down ExecutorService 'applicationTaskExecutor'
2020-12-09 14:07:21.636  INFO 12152 --- [main] c.g.b.BarbershopApplicationTests         : Starting BarbershopApplicationTests on DESKTOP-2G2USD2 with PID 12152 (started by secoo in F:\ideaOther)
2020-12-09 14:07:21.643  INFO 12152 --- [main] c.g.b.BarbershopApplicationTests         : No active profile set, falling back to default profiles: default
2020-12-09 14:07:22.538  INFO 12152 --- [main] .s.d.r.c.RepositoryConfigurationDelegate : Multiple Spring Data modules found, entering strict repository configuration mode!
2020-12-09 14:07:22.541  INFO 12152 --- [main] .s.d.r.c.RepositoryConfigurationDelegate : Bootstrapping Spring Data MongoDB repositories in DEFAULT mode.
2020-12-09 14:07:22.581  INFO 12152 --- [main] .s.d.r.c.RepositoryConfigurationDelegate : Finished Spring Data repository scanning in 30ms. Found 0 MongoDB repository interfaces.
2020-12-09 14:07:22.607  INFO 12152 --- [main] .s.d.r.c.RepositoryConfigurationDelegate : Multiple Spring Data modules found, entering strict repository configuration mode!
2020-12-09 14:07:22.609  INFO 12152 --- [main] .s.d.r.c.RepositoryConfigurationDelegate : Bootstrapping Spring Data Redis repositories in DEFAULT mode.
2020-12-09 14:07:22.628  INFO 12152 --- [main] .s.d.r.c.RepositoryConfigurationDelegate : Finished Spring Data repository scanning in 7ms. Found 0 Redis repository interfaces.
2020-12-09 14:07:23.229  INFO 12152 --- [main] trationDelegate$BeanPostProcessorChecker : Bean 'org.springframework.security.access.expression.method.DefaultMethodSecurityExpressionHandler@128c502c' of type [org.springframework.security.access.expression.method.DefaultMethodSecurityExpressionHandler] is not eligible for getting processed by all BeanPostProcessors (for example: not eligible for auto-proxying)
2020-12-09 14:07:23.259  INFO 12152 --- [main] trationDelegate$BeanPostProcessorChecker : Bean 'methodSecurityMetadataSource' of type [org.springframework.security.access.method.DelegatingMethodSecurityMetadataSource] is not eligible for getting processed by all BeanPostProcessors (for example: not eligible for auto-proxying)
2020-12-09 14:07:24.263  INFO 12152 --- [main] org.mongodb.driver.cluster               : Cluster created with settings {hosts=[127.0.0.1:27017], mode=SINGLE, requiredClusterType=UNKNOWN, serverSelectionTimeout='30000 ms'}
2020-12-09 14:07:25.765  INFO 12152 --- [main] o.s.s.web.DefaultSecurityFilterChain     : Creating filter chain: any request, [org.springframework.security.web.context.request.async.WebAsyncManagerIntegrationFilter@2c30c81d, org.springframework.security.web.context.SecurityContextPersistenceFilter@50b46e24, org.springframework.security.web.header.HeaderWriterFilter@40bf4386, org.springframework.security.web.authentication.logout.LogoutFilter@739e8b96, com.geyao.barbershop.filter.JwtAuthenticationFilter@415a3f6a, org.springframework.security.web.savedrequest.RequestCacheAwareFilter@577bf0aa, org.springframework.security.web.servletapi.SecurityContextHolderAwareRequestFilter@611e5819, org.springframework.security.web.authentication.AnonymousAuthenticationFilter@a54acec, org.springframework.security.web.session.SessionManagementFilter@5f726750, org.springframework.security.web.access.ExceptionTranslationFilter@285005b8, org.springframework.security.web.access.intercept.FilterSecurityInterceptor@74667e6a]
2020-12-09 14:07:26.328  INFO 12152 --- [cluster-ClusterId{value='5fd0699c1e64db05b30e70e4', description='null'}-127.0.0.1:27017] org.mongodb.driver.cluster               : Exception in monitor thread while connecting to server 127.0.0.1:27017

com.mongodb.MongoSocketOpenException: Exception opening socket
	at com.mongodb.internal.connection.SocketStream.open(SocketStream.java:70) ~[mongodb-driver-core-4.0.5.jar:na]
	at com.mongodb.internal.connection.InternalStreamConnection.open(InternalStreamConnection.java:127) ~[mongodb-driver-core-4.0.5.jar:na]
	at com.mongodb.internal.connection.DefaultServerMonitor$ServerMonitorRunnable.run(DefaultServerMonitor.java:117) ~[mongodb-driver-core-4.0.5.jar:na]
	at java.lang.Thread.run(Thread.java:748) [na:1.8.0_211]
Caused by: java.net.ConnectException: Connection refused: connect
	at java.net.DualStackPlainSocketImpl.waitForConnect(Native Method) ~[na:1.8.0_211]
	at java.net.DualStackPlainSocketImpl.socketConnect(DualStackPlainSocketImpl.java:85) ~[na:1.8.0_211]
	at java.net.AbstractPlainSocketImpl.doConnect(AbstractPlainSocketImpl.java:350) ~[na:1.8.0_211]
	at java.net.AbstractPlainSocketImpl.connectToAddress(AbstractPlainSocketImpl.java:206) ~[na:1.8.0_211]
	at java.net.AbstractPlainSocketImpl.connect(AbstractPlainSocketImpl.java:188) ~[na:1.8.0_211]
	at java.net.PlainSocketImpl.connect(PlainSocketImpl.java:172) ~[na:1.8.0_211]
	at java.net.SocksSocketImpl.connect(SocksSocketImpl.java:392) ~[na:1.8.0_211]
	at java.net.Socket.connect(Socket.java:589) ~[na:1.8.0_211]
	at com.mongodb.internal.connection.SocketStreamHelper.initialize(SocketStreamHelper.java:63) ~[mongodb-driver-core-4.0.5.jar:na]
	at com.mongodb.internal.connection.SocketStream.initializeSocket(SocketStream.java:79) ~[mongodb-driver-core-4.0.5.jar:na]
	at com.mongodb.internal.connection.SocketStream.open(SocketStream.java:65) ~[mongodb-driver-core-4.0.5.jar:na]
	... 3 common frames omitted

2020-12-09 14:07:26.558  INFO 12152 --- [main] o.s.s.concurrent.ThreadPoolTaskExecutor  : Initializing ExecutorService 'applicationTaskExecutor'
2020-12-09 14:07:27.340  INFO 12152 --- [main] c.g.b.BarbershopApplicationTests         : Started BarbershopApplicationTests in 6.022 seconds (JVM running for 7.193)
2020-12-09 14:07:27.767  INFO 12152 --- [SpringContextShutdownHook] o.s.s.concurrent.ThreadPoolTaskExecutor  : Shutting down ExecutorService 'applicationTaskExecutor'
2020-12-09 15:21:30.933  INFO 13420 --- [main] c.g.b.BarbershopApplicationTests         : Starting BarbershopApplicationTests on DESKTOP-2G2USD2 with PID 13420 (started by secoo in F:\ideaOther)
2020-12-09 15:21:30.935  INFO 13420 --- [main] c.g.b.BarbershopApplicationTests         : No active profile set, falling back to default profiles: default
2020-12-09 15:21:32.263  INFO 13420 --- [main] .s.d.r.c.RepositoryConfigurationDelegate : Multiple Spring Data modules found, entering strict repository configuration mode!
2020-12-09 15:21:32.270  INFO 13420 --- [main] .s.d.r.c.RepositoryConfigurationDelegate : Bootstrapping Spring Data MongoDB repositories in DEFAULT mode.
2020-12-09 15:21:32.360  INFO 13420 --- [main] .s.d.r.c.RepositoryConfigurationDelegate : Finished Spring Data repository scanning in 72ms. Found 0 MongoDB repository interfaces.
2020-12-09 15:21:32.400  INFO 13420 --- [main] .s.d.r.c.RepositoryConfigurationDelegate : Multiple Spring Data modules found, entering strict repository configuration mode!
2020-12-09 15:21:32.403  INFO 13420 --- [main] .s.d.r.c.RepositoryConfigurationDelegate : Bootstrapping Spring Data Redis repositories in DEFAULT mode.
2020-12-09 15:21:32.436  INFO 13420 --- [main] .s.d.r.c.RepositoryConfigurationDelegate : Finished Spring Data repository scanning in 13ms. Found 0 Redis repository interfaces.
2020-12-09 15:21:33.804  INFO 13420 --- [main] trationDelegate$BeanPostProcessorChecker : Bean 'org.springframework.security.access.expression.method.DefaultMethodSecurityExpressionHandler@6601cc93' of type [org.springframework.security.access.expression.method.DefaultMethodSecurityExpressionHandler] is not eligible for getting processed by all BeanPostProcessors (for example: not eligible for auto-proxying)
2020-12-09 15:21:33.870  INFO 13420 --- [main] trationDelegate$BeanPostProcessorChecker : Bean 'methodSecurityMetadataSource' of type [org.springframework.security.access.method.DelegatingMethodSecurityMetadataSource] is not eligible for getting processed by all BeanPostProcessors (for example: not eligible for auto-proxying)
2020-12-09 15:21:35.936  INFO 13420 --- [main] org.mongodb.driver.cluster               : Cluster created with settings {hosts=[120.79.240.9:27017], mode=SINGLE, requiredClusterType=UNKNOWN, serverSelectionTimeout='30000 ms'}
2020-12-09 15:21:36.129  INFO 13420 --- [cluster-ClusterId{value='5fd07affc262c777e64edcfb', description='null'}-120.79.240.9:27017] org.mongodb.driver.connection            : Opened connection [connectionId{localValue:1, serverValue:1580}] to 120.79.240.9:27017
2020-12-09 15:21:36.270  INFO 13420 --- [cluster-ClusterId{value='5fd07affc262c777e64edcfb', description='null'}-120.79.240.9:27017] org.mongodb.driver.cluster               : Monitor thread successfully connected to server with description ServerDescription{address=120.79.240.9:27017, type=STANDALONE, state=CONNECTED, ok=true, minWireVersion=0, maxWireVersion=9, maxDocumentSize=16777216, logicalSessionTimeoutMinutes=30, roundTripTimeNanos=138159400}
2020-12-09 15:21:41.416  INFO 13420 --- [main] o.s.s.web.DefaultSecurityFilterChain     : Creating filter chain: any request, [org.springframework.security.web.context.request.async.WebAsyncManagerIntegrationFilter@66ec4409, org.springframework.security.web.context.SecurityContextPersistenceFilter@32227215, org.springframework.security.web.header.HeaderWriterFilter@2c1f8dbd, org.springframework.security.web.authentication.logout.LogoutFilter@29d405e6, com.geyao.barbershop.filter.JwtAuthenticationFilter@2506e949, org.springframework.security.web.savedrequest.RequestCacheAwareFilter@79a201cf, org.springframework.security.web.servletapi.SecurityContextHolderAwareRequestFilter@71664560, org.springframework.security.web.authentication.AnonymousAuthenticationFilter@6f1c3f18, org.springframework.security.web.session.SessionManagementFilter@6dca31eb, org.springframework.security.web.access.ExceptionTranslationFilter@72b0a004, org.springframework.security.web.access.intercept.FilterSecurityInterceptor@310a7859]
2020-12-09 15:21:43.013  INFO 13420 --- [main] o.s.s.concurrent.ThreadPoolTaskExecutor  : Initializing ExecutorService 'applicationTaskExecutor'
2020-12-09 15:21:44.907  INFO 13420 --- [main] c.g.b.BarbershopApplicationTests         : Started BarbershopApplicationTests in 14.398 seconds (JVM running for 16.36)
2020-12-09 15:21:45.760  INFO 13420 --- [SpringContextShutdownHook] o.s.s.concurrent.ThreadPoolTaskExecutor  : Shutting down ExecutorService 'applicationTaskExecutor'
